<?xml version="1.0" encoding="UTF-8"?>
<!-- Generated by org.testng.reporters.JUnitXMLReporter -->
<testsuite ignored="0" hostname="OsoAviaHim" failures="2" tests="6" name="Surefire test" time="0.123" errors="0" timestamp="2024-09-20T18:53:29 QYZT">
  <testcase classname="org.example.PersonTest" name="testSum" time="0.018">
    <failure type="java.lang.AssertionError" message="expected [false] but found [true]">
      <![CDATA[java.lang.AssertionError: expected [false] but found [true]
at org.example.PersonTest.testSum(PersonTest.java:58)
at java.base/java.util.ArrayList.forEach(ArrayList.java:1596)
... Removed 35 stack frames]]>
    </failure>
  </testcase> <!-- testSum -->
  <testcase classname="org.example.PersonTest" name="testSum" time="0.0"/>
  <testcase classname="org.example.PersonTest" name="testSum" time="0.0"/>
  <testcase classname="org.example.PersonTest" name="testSum" time="0.0"/>
  <testcase classname="org.example.PersonTest" name="testSum" time="0.0">
    <failure type="java.lang.AssertionError" message="expected [true] but found [false]">
      <![CDATA[java.lang.AssertionError: expected [true] but found [false]
at org.example.PersonTest.testSum(PersonTest.java:58)
at java.base/java.util.ArrayList.forEach(ArrayList.java:1596)
... Removed 35 stack frames]]>
    </failure>
  </testcase> <!-- testSum -->
  <testcase classname="org.example.PersonTest" name="testSum" time="0.0"/>
</testsuite> <!-- Surefire test -->
